
            ******************** VeChain Rosetta API Server ********************
            |   Api               |   localhost:8080
            |   Rosetta Version   |   1.4.12
            |   Mode              |   offline
            |   Node URL          |   
            |   Node Version      |   
            |   Network           |   main
            *******************************************************************
            

            ******************** VeChain Rosetta API Server ********************
            |   Api               |   localhost:8080
            |   Rosetta Version   |   1.4.12
            |   Mode              |   offline
            |   Node URL          |   
            |   Node Version      |   
            |   Network           |   main
            *******************************************************************
            

            ******************** VeChain Rosetta API Server ********************
            |   Api               |   localhost:8080
            |   Rosetta Version   |   1.4.12
            |   Mode              |   offline
            |   Node URL          |   
            |   Node Version      |   
            |   Network           |   main
            *******************************************************************
            

            ******************** VeChain Rosetta API Server ********************
            |   Api               |   localhost:8080
            |   Rosetta Version   |   1.4.12
            |   Mode              |   offline
            |   Node URL          |   
            |   Node Version      |   
            |   Network           |   main
            *******************************************************************
            
